C:\USERS\ARXA\DESKTOP\VS2010 PROJECTS\VIRTUALTENNISADVANCED\DEBUG\VIRTUALTENNISADVANCED.EXE
C:\USERS\ARXA\DESKTOP\VS2010 PROJECTS\VIRTUALTENNISADVANCED\DEBUG\VIRTUALTENNISADVANCED.ILK
C:\USERS\ARXA\DESKTOP\VS2010 PROJECTS\VIRTUALTENNISADVANCED\DEBUG\VIRTUALTENNISADVANCED.PDB
C:\USERS\ARXA\DESKTOP\VS2010 PROJECTS\VIRTUALTENNISADVANCED\VIRTUALTENNISADVANCED\DEBUG\.NETFRAMEWORK,VERSION=V4.0.ASSEMBLYATTRIBUTES.OBJ
C:\USERS\ARXA\DESKTOP\VS2010 PROJECTS\VIRTUALTENNISADVANCED\VIRTUALTENNISADVANCED\DEBUG\ABOUT.OBJ
C:\USERS\ARXA\DESKTOP\VS2010 PROJECTS\VIRTUALTENNISADVANCED\VIRTUALTENNISADVANCED\DEBUG\APP.RES
C:\USERS\ARXA\DESKTOP\VS2010 PROJECTS\VIRTUALTENNISADVANCED\VIRTUALTENNISADVANCED\DEBUG\ASSEMBLYINFO.OBJ
C:\Users\Arxa\Desktop\VS2010 Projects\VirtualTennisAdvanced\VirtualTennisAdvanced\Debug\cl.command.1.tlog
C:\Users\Arxa\Desktop\VS2010 Projects\VirtualTennisAdvanced\VirtualTennisAdvanced\Debug\CL.read.1.tlog
C:\Users\Arxa\Desktop\VS2010 Projects\VirtualTennisAdvanced\VirtualTennisAdvanced\Debug\CL.write.1.tlog
C:\USERS\ARXA\DESKTOP\VS2010 PROJECTS\VIRTUALTENNISADVANCED\VIRTUALTENNISADVANCED\DEBUG\FINALE.OBJ
C:\USERS\ARXA\DESKTOP\VS2010 PROJECTS\VIRTUALTENNISADVANCED\VIRTUALTENNISADVANCED\DEBUG\FORM2.OBJ
C:\USERS\ARXA\DESKTOP\VS2010 PROJECTS\VIRTUALTENNISADVANCED\VIRTUALTENNISADVANCED\DEBUG\INTROMENU.OBJ
C:\Users\Arxa\Desktop\VS2010 Projects\VirtualTennisAdvanced\VirtualTennisAdvanced\Debug\link.1312.read.1.tlog
C:\Users\Arxa\Desktop\VS2010 Projects\VirtualTennisAdvanced\VirtualTennisAdvanced\Debug\link.1312.write.1.tlog
C:\Users\Arxa\Desktop\VS2010 Projects\VirtualTennisAdvanced\VirtualTennisAdvanced\Debug\link.1312-cvtres.read.1.tlog
C:\Users\Arxa\Desktop\VS2010 Projects\VirtualTennisAdvanced\VirtualTennisAdvanced\Debug\link.1312-cvtres.write.1.tlog
C:\Users\Arxa\Desktop\VS2010 Projects\VirtualTennisAdvanced\VirtualTennisAdvanced\Debug\link.1592.read.1.tlog
C:\Users\Arxa\Desktop\VS2010 Projects\VirtualTennisAdvanced\VirtualTennisAdvanced\Debug\link.1592.write.1.tlog
C:\Users\Arxa\Desktop\VS2010 Projects\VirtualTennisAdvanced\VirtualTennisAdvanced\Debug\link.1592-cvtres.read.1.tlog
C:\Users\Arxa\Desktop\VS2010 Projects\VirtualTennisAdvanced\VirtualTennisAdvanced\Debug\link.1592-cvtres.write.1.tlog
C:\Users\Arxa\Desktop\VS2010 Projects\VirtualTennisAdvanced\VirtualTennisAdvanced\Debug\link.2392.read.1.tlog
C:\Users\Arxa\Desktop\VS2010 Projects\VirtualTennisAdvanced\VirtualTennisAdvanced\Debug\link.2392.write.1.tlog
C:\Users\Arxa\Desktop\VS2010 Projects\VirtualTennisAdvanced\VirtualTennisAdvanced\Debug\link.2392-cvtres.read.1.tlog
C:\Users\Arxa\Desktop\VS2010 Projects\VirtualTennisAdvanced\VirtualTennisAdvanced\Debug\link.2392-cvtres.write.1.tlog
C:\Users\Arxa\Desktop\VS2010 Projects\VirtualTennisAdvanced\VirtualTennisAdvanced\Debug\link.2436.read.1.tlog
C:\Users\Arxa\Desktop\VS2010 Projects\VirtualTennisAdvanced\VirtualTennisAdvanced\Debug\link.2436.write.1.tlog
C:\Users\Arxa\Desktop\VS2010 Projects\VirtualTennisAdvanced\VirtualTennisAdvanced\Debug\link.2436-cvtres.read.1.tlog
C:\Users\Arxa\Desktop\VS2010 Projects\VirtualTennisAdvanced\VirtualTennisAdvanced\Debug\link.2436-cvtres.write.1.tlog
C:\Users\Arxa\Desktop\VS2010 Projects\VirtualTennisAdvanced\VirtualTennisAdvanced\Debug\link.2484.read.1.tlog
C:\Users\Arxa\Desktop\VS2010 Projects\VirtualTennisAdvanced\VirtualTennisAdvanced\Debug\link.2484.write.1.tlog
C:\Users\Arxa\Desktop\VS2010 Projects\VirtualTennisAdvanced\VirtualTennisAdvanced\Debug\link.2484-cvtres.read.1.tlog
C:\Users\Arxa\Desktop\VS2010 Projects\VirtualTennisAdvanced\VirtualTennisAdvanced\Debug\link.2484-cvtres.write.1.tlog
C:\Users\Arxa\Desktop\VS2010 Projects\VirtualTennisAdvanced\VirtualTennisAdvanced\Debug\link.2908.read.1.tlog
C:\Users\Arxa\Desktop\VS2010 Projects\VirtualTennisAdvanced\VirtualTennisAdvanced\Debug\link.2908.write.1.tlog
C:\Users\Arxa\Desktop\VS2010 Projects\VirtualTennisAdvanced\VirtualTennisAdvanced\Debug\link.2908-cvtres.read.1.tlog
C:\Users\Arxa\Desktop\VS2010 Projects\VirtualTennisAdvanced\VirtualTennisAdvanced\Debug\link.2908-cvtres.write.1.tlog
C:\Users\Arxa\Desktop\VS2010 Projects\VirtualTennisAdvanced\VirtualTennisAdvanced\Debug\link.2928.read.1.tlog
C:\Users\Arxa\Desktop\VS2010 Projects\VirtualTennisAdvanced\VirtualTennisAdvanced\Debug\link.2928.write.1.tlog
C:\Users\Arxa\Desktop\VS2010 Projects\VirtualTennisAdvanced\VirtualTennisAdvanced\Debug\link.2928-cvtres.read.1.tlog
C:\Users\Arxa\Desktop\VS2010 Projects\VirtualTennisAdvanced\VirtualTennisAdvanced\Debug\link.2928-cvtres.write.1.tlog
C:\Users\Arxa\Desktop\VS2010 Projects\VirtualTennisAdvanced\VirtualTennisAdvanced\Debug\link.2956.read.1.tlog
C:\Users\Arxa\Desktop\VS2010 Projects\VirtualTennisAdvanced\VirtualTennisAdvanced\Debug\link.2956.write.1.tlog
C:\Users\Arxa\Desktop\VS2010 Projects\VirtualTennisAdvanced\VirtualTennisAdvanced\Debug\link.2956-cvtres.read.1.tlog
C:\Users\Arxa\Desktop\VS2010 Projects\VirtualTennisAdvanced\VirtualTennisAdvanced\Debug\link.2956-cvtres.write.1.tlog
C:\Users\Arxa\Desktop\VS2010 Projects\VirtualTennisAdvanced\VirtualTennisAdvanced\Debug\link.3124.read.1.tlog
C:\Users\Arxa\Desktop\VS2010 Projects\VirtualTennisAdvanced\VirtualTennisAdvanced\Debug\link.3124.write.1.tlog
C:\Users\Arxa\Desktop\VS2010 Projects\VirtualTennisAdvanced\VirtualTennisAdvanced\Debug\link.3124-cvtres.read.1.tlog
C:\Users\Arxa\Desktop\VS2010 Projects\VirtualTennisAdvanced\VirtualTennisAdvanced\Debug\link.3124-cvtres.write.1.tlog
C:\Users\Arxa\Desktop\VS2010 Projects\VirtualTennisAdvanced\VirtualTennisAdvanced\Debug\link.3248.read.1.tlog
C:\Users\Arxa\Desktop\VS2010 Projects\VirtualTennisAdvanced\VirtualTennisAdvanced\Debug\link.3248.write.1.tlog
C:\Users\Arxa\Desktop\VS2010 Projects\VirtualTennisAdvanced\VirtualTennisAdvanced\Debug\link.3248-cvtres.read.1.tlog
C:\Users\Arxa\Desktop\VS2010 Projects\VirtualTennisAdvanced\VirtualTennisAdvanced\Debug\link.3248-cvtres.write.1.tlog
C:\Users\Arxa\Desktop\VS2010 Projects\VirtualTennisAdvanced\VirtualTennisAdvanced\Debug\link.3252.read.1.tlog
C:\Users\Arxa\Desktop\VS2010 Projects\VirtualTennisAdvanced\VirtualTennisAdvanced\Debug\link.3252.write.1.tlog
C:\Users\Arxa\Desktop\VS2010 Projects\VirtualTennisAdvanced\VirtualTennisAdvanced\Debug\link.3252-cvtres.read.1.tlog
C:\Users\Arxa\Desktop\VS2010 Projects\VirtualTennisAdvanced\VirtualTennisAdvanced\Debug\link.3252-cvtres.write.1.tlog
C:\Users\Arxa\Desktop\VS2010 Projects\VirtualTennisAdvanced\VirtualTennisAdvanced\Debug\link.3308.read.1.tlog
C:\Users\Arxa\Desktop\VS2010 Projects\VirtualTennisAdvanced\VirtualTennisAdvanced\Debug\link.3308.write.1.tlog
C:\Users\Arxa\Desktop\VS2010 Projects\VirtualTennisAdvanced\VirtualTennisAdvanced\Debug\link.3308-cvtres.read.1.tlog
C:\Users\Arxa\Desktop\VS2010 Projects\VirtualTennisAdvanced\VirtualTennisAdvanced\Debug\link.3308-cvtres.write.1.tlog
C:\Users\Arxa\Desktop\VS2010 Projects\VirtualTennisAdvanced\VirtualTennisAdvanced\Debug\link.3556.read.1.tlog
C:\Users\Arxa\Desktop\VS2010 Projects\VirtualTennisAdvanced\VirtualTennisAdvanced\Debug\link.3556.write.1.tlog
C:\Users\Arxa\Desktop\VS2010 Projects\VirtualTennisAdvanced\VirtualTennisAdvanced\Debug\link.3656.read.1.tlog
C:\Users\Arxa\Desktop\VS2010 Projects\VirtualTennisAdvanced\VirtualTennisAdvanced\Debug\link.3656.write.1.tlog
C:\Users\Arxa\Desktop\VS2010 Projects\VirtualTennisAdvanced\VirtualTennisAdvanced\Debug\link.3656-cvtres.read.1.tlog
C:\Users\Arxa\Desktop\VS2010 Projects\VirtualTennisAdvanced\VirtualTennisAdvanced\Debug\link.3656-cvtres.write.1.tlog
C:\Users\Arxa\Desktop\VS2010 Projects\VirtualTennisAdvanced\VirtualTennisAdvanced\Debug\link.3828.read.1.tlog
C:\Users\Arxa\Desktop\VS2010 Projects\VirtualTennisAdvanced\VirtualTennisAdvanced\Debug\link.3828.write.1.tlog
C:\Users\Arxa\Desktop\VS2010 Projects\VirtualTennisAdvanced\VirtualTennisAdvanced\Debug\link.3828-cvtres.read.1.tlog
C:\Users\Arxa\Desktop\VS2010 Projects\VirtualTennisAdvanced\VirtualTennisAdvanced\Debug\link.3828-cvtres.write.1.tlog
C:\Users\Arxa\Desktop\VS2010 Projects\VirtualTennisAdvanced\VirtualTennisAdvanced\Debug\link.4544.read.1.tlog
C:\Users\Arxa\Desktop\VS2010 Projects\VirtualTennisAdvanced\VirtualTennisAdvanced\Debug\link.4544.write.1.tlog
C:\Users\Arxa\Desktop\VS2010 Projects\VirtualTennisAdvanced\VirtualTennisAdvanced\Debug\link.4544-cvtres.read.1.tlog
C:\Users\Arxa\Desktop\VS2010 Projects\VirtualTennisAdvanced\VirtualTennisAdvanced\Debug\link.4544-cvtres.write.1.tlog
C:\Users\Arxa\Desktop\VS2010 Projects\VirtualTennisAdvanced\VirtualTennisAdvanced\Debug\link.4996.read.1.tlog
C:\Users\Arxa\Desktop\VS2010 Projects\VirtualTennisAdvanced\VirtualTennisAdvanced\Debug\link.4996.write.1.tlog
C:\Users\Arxa\Desktop\VS2010 Projects\VirtualTennisAdvanced\VirtualTennisAdvanced\Debug\link.4996-cvtres.read.1.tlog
C:\Users\Arxa\Desktop\VS2010 Projects\VirtualTennisAdvanced\VirtualTennisAdvanced\Debug\link.4996-cvtres.write.1.tlog
C:\Users\Arxa\Desktop\VS2010 Projects\VirtualTennisAdvanced\VirtualTennisAdvanced\Debug\link.5064.read.1.tlog
C:\Users\Arxa\Desktop\VS2010 Projects\VirtualTennisAdvanced\VirtualTennisAdvanced\Debug\link.5064.write.1.tlog
C:\Users\Arxa\Desktop\VS2010 Projects\VirtualTennisAdvanced\VirtualTennisAdvanced\Debug\link.5064-cvtres.read.1.tlog
C:\Users\Arxa\Desktop\VS2010 Projects\VirtualTennisAdvanced\VirtualTennisAdvanced\Debug\link.5064-cvtres.write.1.tlog
C:\Users\Arxa\Desktop\VS2010 Projects\VirtualTennisAdvanced\VirtualTennisAdvanced\Debug\link.5260.read.1.tlog
C:\Users\Arxa\Desktop\VS2010 Projects\VirtualTennisAdvanced\VirtualTennisAdvanced\Debug\link.5260.write.1.tlog
C:\Users\Arxa\Desktop\VS2010 Projects\VirtualTennisAdvanced\VirtualTennisAdvanced\Debug\link.5260-cvtres.read.1.tlog
C:\Users\Arxa\Desktop\VS2010 Projects\VirtualTennisAdvanced\VirtualTennisAdvanced\Debug\link.5260-cvtres.write.1.tlog
C:\Users\Arxa\Desktop\VS2010 Projects\VirtualTennisAdvanced\VirtualTennisAdvanced\Debug\link.5548.read.1.tlog
C:\Users\Arxa\Desktop\VS2010 Projects\VirtualTennisAdvanced\VirtualTennisAdvanced\Debug\link.5548.write.1.tlog
C:\Users\Arxa\Desktop\VS2010 Projects\VirtualTennisAdvanced\VirtualTennisAdvanced\Debug\link.5548-cvtres.read.1.tlog
C:\Users\Arxa\Desktop\VS2010 Projects\VirtualTennisAdvanced\VirtualTennisAdvanced\Debug\link.5548-cvtres.write.1.tlog
C:\Users\Arxa\Desktop\VS2010 Projects\VirtualTennisAdvanced\VirtualTennisAdvanced\Debug\link.5688.read.1.tlog
C:\Users\Arxa\Desktop\VS2010 Projects\VirtualTennisAdvanced\VirtualTennisAdvanced\Debug\link.5688.write.1.tlog
C:\Users\Arxa\Desktop\VS2010 Projects\VirtualTennisAdvanced\VirtualTennisAdvanced\Debug\link.5688-cvtres.read.1.tlog
C:\Users\Arxa\Desktop\VS2010 Projects\VirtualTennisAdvanced\VirtualTennisAdvanced\Debug\link.5688-cvtres.write.1.tlog
C:\Users\Arxa\Desktop\VS2010 Projects\VirtualTennisAdvanced\VirtualTennisAdvanced\Debug\link.5808.read.1.tlog
C:\Users\Arxa\Desktop\VS2010 Projects\VirtualTennisAdvanced\VirtualTennisAdvanced\Debug\link.5808.write.1.tlog
C:\Users\Arxa\Desktop\VS2010 Projects\VirtualTennisAdvanced\VirtualTennisAdvanced\Debug\link.5808-cvtres.read.1.tlog
C:\Users\Arxa\Desktop\VS2010 Projects\VirtualTennisAdvanced\VirtualTennisAdvanced\Debug\link.5808-cvtres.write.1.tlog
C:\Users\Arxa\Desktop\VS2010 Projects\VirtualTennisAdvanced\VirtualTennisAdvanced\Debug\link.5868.read.1.tlog
C:\Users\Arxa\Desktop\VS2010 Projects\VirtualTennisAdvanced\VirtualTennisAdvanced\Debug\link.5868.write.1.tlog
C:\Users\Arxa\Desktop\VS2010 Projects\VirtualTennisAdvanced\VirtualTennisAdvanced\Debug\link.5868-cvtres.read.1.tlog
C:\Users\Arxa\Desktop\VS2010 Projects\VirtualTennisAdvanced\VirtualTennisAdvanced\Debug\link.5868-cvtres.write.1.tlog
C:\Users\Arxa\Desktop\VS2010 Projects\VirtualTennisAdvanced\VirtualTennisAdvanced\Debug\link.5932.read.1.tlog
C:\Users\Arxa\Desktop\VS2010 Projects\VirtualTennisAdvanced\VirtualTennisAdvanced\Debug\link.5932.write.1.tlog
C:\Users\Arxa\Desktop\VS2010 Projects\VirtualTennisAdvanced\VirtualTennisAdvanced\Debug\link.5932-cvtres.read.1.tlog
C:\Users\Arxa\Desktop\VS2010 Projects\VirtualTennisAdvanced\VirtualTennisAdvanced\Debug\link.5932-cvtres.write.1.tlog
C:\Users\Arxa\Desktop\VS2010 Projects\VirtualTennisAdvanced\VirtualTennisAdvanced\Debug\link.5948.read.1.tlog
C:\Users\Arxa\Desktop\VS2010 Projects\VirtualTennisAdvanced\VirtualTennisAdvanced\Debug\link.5948.write.1.tlog
C:\Users\Arxa\Desktop\VS2010 Projects\VirtualTennisAdvanced\VirtualTennisAdvanced\Debug\link.5948-cvtres.read.1.tlog
C:\Users\Arxa\Desktop\VS2010 Projects\VirtualTennisAdvanced\VirtualTennisAdvanced\Debug\link.5948-cvtres.write.1.tlog
C:\Users\Arxa\Desktop\VS2010 Projects\VirtualTennisAdvanced\VirtualTennisAdvanced\Debug\link.6120.read.1.tlog
C:\Users\Arxa\Desktop\VS2010 Projects\VirtualTennisAdvanced\VirtualTennisAdvanced\Debug\link.6120.write.1.tlog
C:\Users\Arxa\Desktop\VS2010 Projects\VirtualTennisAdvanced\VirtualTennisAdvanced\Debug\link.command.1.tlog
C:\Users\Arxa\Desktop\VS2010 Projects\VirtualTennisAdvanced\VirtualTennisAdvanced\Debug\link.read.1.tlog
C:\Users\Arxa\Desktop\VS2010 Projects\VirtualTennisAdvanced\VirtualTennisAdvanced\Debug\link.write.1.tlog
C:\Users\Arxa\Desktop\VS2010 Projects\VirtualTennisAdvanced\VirtualTennisAdvanced\Debug\metagen.read.1.tlog
C:\Users\Arxa\Desktop\VS2010 Projects\VirtualTennisAdvanced\VirtualTennisAdvanced\Debug\metagen.write.1.tlog
C:\Users\Arxa\Desktop\VS2010 Projects\VirtualTennisAdvanced\VirtualTennisAdvanced\Debug\mt.command.1.tlog
C:\Users\Arxa\Desktop\VS2010 Projects\VirtualTennisAdvanced\VirtualTennisAdvanced\Debug\mt.read.1.tlog
C:\Users\Arxa\Desktop\VS2010 Projects\VirtualTennisAdvanced\VirtualTennisAdvanced\Debug\mt.write.1.tlog
C:\USERS\ARXA\DESKTOP\VS2010 PROJECTS\VIRTUALTENNISADVANCED\VIRTUALTENNISADVANCED\DEBUG\MULTIPLAYER.OBJ
C:\Users\Arxa\Desktop\VS2010 Projects\VirtualTennisAdvanced\VirtualTennisAdvanced\Debug\rc.command.1.tlog
C:\Users\Arxa\Desktop\VS2010 Projects\VirtualTennisAdvanced\VirtualTennisAdvanced\Debug\rc.read.1.tlog
C:\Users\Arxa\Desktop\VS2010 Projects\VirtualTennisAdvanced\VirtualTennisAdvanced\Debug\rc.write.1.tlog
C:\Users\Arxa\Desktop\VS2010 Projects\VirtualTennisAdvanced\VirtualTennisAdvanced\Debug\RSAENH.DLL.bi
C:\USERS\ARXA\DESKTOP\VS2010 PROJECTS\VIRTUALTENNISADVANCED\VIRTUALTENNISADVANCED\DEBUG\STDAFX.OBJ
C:\Users\Arxa\Desktop\VS2010 Projects\VirtualTennisAdvanced\VirtualTennisAdvanced\Debug\TZRES.DLL.bi
C:\USERS\ARXA\DESKTOP\VS2010 PROJECTS\VIRTUALTENNISADVANCED\VIRTUALTENNISADVANCED\DEBUG\VC100.PDB
C:\Users\Arxa\Desktop\VS2010 Projects\VirtualTennisAdvanced\VirtualTennisAdvanced\Debug\VirtualTennisAdvanced.About.resources
C:\USERS\ARXA\DESKTOP\VS2010 PROJECTS\VIRTUALTENNISADVANCED\VIRTUALTENNISADVANCED\DEBUG\VIRTUALTENNISADVANCED.EXE.INTERMEDIATE.MANIFEST
C:\Users\Arxa\Desktop\VS2010 Projects\VirtualTennisAdvanced\VirtualTennisAdvanced\Debug\VirtualTennisAdvanced.Finale.resources
C:\Users\Arxa\Desktop\VS2010 Projects\VirtualTennisAdvanced\VirtualTennisAdvanced\Debug\VirtualTennisAdvanced.Form1.resources
C:\Users\Arxa\Desktop\VS2010 Projects\VirtualTennisAdvanced\VirtualTennisAdvanced\Debug\VirtualTennisAdvanced.Form2.resources
C:\Users\Arxa\Desktop\VS2010 Projects\VirtualTennisAdvanced\VirtualTennisAdvanced\Debug\VirtualTennisAdvanced.IntroMenu.resources
C:\Users\Arxa\Desktop\VS2010 Projects\VirtualTennisAdvanced\VirtualTennisAdvanced\Debug\VirtualTennisAdvanced.Multiplayer.resources
C:\USERS\ARXA\DESKTOP\VS2010 PROJECTS\VIRTUALTENNISADVANCED\VIRTUALTENNISADVANCED\DEBUG\VIRTUALTENNISADVANCED.OBJ
C:\USERS\ARXA\DESKTOP\VS2010 PROJECTS\VIRTUALTENNISADVANCED\VIRTUALTENNISADVANCED\DEBUG\VIRTUALTENNISADVANCED.PCH
C:\Users\Arxa\Desktop\VS2010 Projects\VirtualTennisAdvanced\VirtualTennisAdvanced\Debug\VirtualTennisAdvanced.vcxproj.GenerateResource.Cache
C:\Users\Arxa\Desktop\VS2010 Projects\VirtualTennisAdvanced\VirtualTennisAdvanced\Debug\VirtualTennisAdvanced.vcxprojResolveAssemblyReference.cache
C:\Users\Arxa\Desktop\VS2010 Projects\VirtualTennisAdvanced\VirtualTennisAdvanced\Debug\VirtualTennisAdvanced.Winner.resources
C:\Users\Arxa\Desktop\VS2010 Projects\VirtualTennisAdvanced\VirtualTennisAdvanced\Debug\VirtualTennisAdvanced.write.1.tlog
C:\USERS\ARXA\DESKTOP\VS2010 PROJECTS\VIRTUALTENNISADVANCED\VIRTUALTENNISADVANCED\DEBUG\WINNER.OBJ
