Build started 28/7/2015 6:44:34 μμ.
     1>Project "C:\Users\Arxa\Desktop\VS2010 Projects\VirtualTennisAdvanced\VirtualTennisAdvanced\VirtualTennisAdvanced.vcxproj" on node 2 (build target(s)).
     1>InitializeBuildStatus:
         Creating "Debug\VirtualTennisAdvanced.unsuccessfulbuild" because "AlwaysCreate" was specified.
       GenerateTargetFrameworkMonikerAttribute:
       Skipping target "GenerateTargetFrameworkMonikerAttribute" because all output files are up-to-date with respect to the input files.
       ClCompile:
         All outputs are up-to-date.
         All outputs are up-to-date.
         All outputs are up-to-date.
       CoreResGen:
         "C:\Program Files (x86)\Microsoft SDKs\Windows\v7.0A\bin\NETFX 4.0 Tools\resgen.exe" /useSourcePath /r:"C:\Program Files (x86)\Reference Assemblies\Microsoft\Framework\.NETFramework\v4.0\System.Core.dll" /r:"C:\Program Files (x86)\Reference Assemblies\Microsoft\Framework\.NETFramework\v4.0\System.Data.dll" /r:"C:\Program Files (x86)\Reference Assemblies\Microsoft\Framework\.NETFramework\v4.0\System.dll" /r:"C:\Program Files (x86)\Reference Assemblies\Microsoft\Framework\.NETFramework\v4.0\System.Drawing.dll" /r:"C:\Program Files (x86)\Reference Assemblies\Microsoft\Framework\.NETFramework\v4.0\System.Windows.Forms.dll" /r:"C:\Program Files (x86)\Reference Assemblies\Microsoft\Framework\.NETFramework\v4.0\System.Xml.dll" /compile About.resx,Debug\VirtualTennisAdvanced.About.resources Finale.resx,Debug\VirtualTennisAdvanced.Finale.resources Form1.resX,Debug\VirtualTennisAdvanced.Form1.resources IntroMenu.resx,Debug\VirtualTennisAdvanced.IntroMenu.resources Multiplayer.resx,Debug\VirtualTennisAdvanced.Multiplayer.resources Winner.resx,Debug\VirtualTennisAdvanced.Winner.resources
         Processing resource file "About.resx" into "Debug\VirtualTennisAdvanced.About.resources".
         Processing resource file "Finale.resx" into "Debug\VirtualTennisAdvanced.Finale.resources".
         Processing resource file "Form1.resX" into "Debug\VirtualTennisAdvanced.Form1.resources".
         Processing resource file "IntroMenu.resx" into "Debug\VirtualTennisAdvanced.IntroMenu.resources".
         Processing resource file "Multiplayer.resx" into "Debug\VirtualTennisAdvanced.Multiplayer.resources".
         Processing resource file "Winner.resx" into "Debug\VirtualTennisAdvanced.Winner.resources".
       ResourceCompile:
         All outputs are up-to-date.
       Link:
         c:\Program Files (x86)\Microsoft Visual Studio 10.0\VC\bin\link.exe /ERRORREPORT:PROMPT /OUT:"C:\Users\Arxa\Desktop\VS2010 Projects\VirtualTennisAdvanced\Debug\VirtualTennisAdvanced.exe" /INCREMENTAL /NOLOGO /ASSEMBLYRESOURCE:Debug\VirtualTennisAdvanced.About.resources /ASSEMBLYRESOURCE:Debug\VirtualTennisAdvanced.Finale.resources /ASSEMBLYRESOURCE:Debug\VirtualTennisAdvanced.Form1.resources /ASSEMBLYRESOURCE:Debug\VirtualTennisAdvanced.IntroMenu.resources /ASSEMBLYRESOURCE:Debug\VirtualTennisAdvanced.Multiplayer.resources /ASSEMBLYRESOURCE:Debug\VirtualTennisAdvanced.Winner.resources /MANIFEST /ManifestFile:"Debug\VirtualTennisAdvanced.exe.intermediate.manifest" /MANIFESTUAC:"level='asInvoker' uiAccess='false'" /DEBUG /PDB:"C:\Users\Arxa\Desktop\VS2010 Projects\VirtualTennisAdvanced\Debug\VirtualTennisAdvanced.pdb" /ASSEMBLYDEBUG /SUBSYSTEM:WINDOWS /TLBID:1 /ENTRY:"main" /DYNAMICBASE /FIXED:NO /NXCOMPAT /MACHINE:X86 Debug\app.res
         Debug\About.obj
         Debug\AssemblyInfo.obj
         Debug\Finale.obj
         Debug\Form2.obj
         Debug\IntroMenu.obj
         Debug\Multiplayer.obj
         Debug\stdafx.obj
         Debug\VirtualTennisAdvanced.obj
         Debug\Winner.obj
         "Debug\.NETFramework,Version=v4.0.AssemblyAttributes.obj"
         VirtualTennisAdvanced.vcxproj -> C:\Users\Arxa\Desktop\VS2010 Projects\VirtualTennisAdvanced\Debug\VirtualTennisAdvanced.exe
       Manifest:
         C:\Program Files (x86)\Microsoft SDKs\Windows\v7.0A\bin\mt.exe /nologo /verbose /outputresource:"C:\Users\Arxa\Desktop\VS2010 Projects\VirtualTennisAdvanced\Debug\VirtualTennisAdvanced.exe;#1" /manifest Debug\VirtualTennisAdvanced.exe.intermediate.manifest
       FinalizeBuildStatus:
         Deleting file "Debug\VirtualTennisAdvanced.unsuccessfulbuild".
         Touching "Debug\VirtualTennisAdvanced.lastbuildstate".
     1>Done Building Project "C:\Users\Arxa\Desktop\VS2010 Projects\VirtualTennisAdvanced\VirtualTennisAdvanced\VirtualTennisAdvanced.vcxproj" (build target(s)).

Build succeeded.

Time Elapsed 00:00:01.62
